# JRE version: OpenJDK Runtime Environment Temurin-21.0.6+7 (21.0.6+7) (build 21.0.6+7-LTS)
# Java VM: OpenJDK 64-Bit Server VM Temurin-21.0.6+7 (21.0.6+7-LTS, mixed mode, sharing, tiered, compressed oops, compressed class ptrs, g1 gc, windows-amd64)
GC Precious Log:
 CardTable entry size: 512
 Card Set container configuration: InlinePtr #cards 4 size 8 Array Of Cards #cards 32 size 80 Howl #buckets 8 coarsen threshold 7372 Howl Bitmap #cards 1024 size 144 coarsen threshold 921 Card regions per heap region 1 cards per card region 8192
 CPUs: 12 total, 12 available
 Memory: 24283M
 Large Page Support: Disabled
 NUMA Support: Disabled
 Compressed Oops: Enabled (Zero based)
 Heap Region Size: 4M
 Heap Min Capacity: 8M
 Heap Initial Capacity: 380M
 Heap Max Capacity: 6072M
 Pre-touch: Disabled
 Parallel Workers: 10
 Concurrent Workers: 3
 Concurrent Refinement Workers: 10
 Periodic GC: Disabled
Heap:
 garbage-first heap   total 122880K, used 87114K [0x0000000684800000, 0x0000000800000000)
  region size 4096K, 12 young (49152K), 1 survivors (4096K)
 Metaspace       used 28363K, committed 28928K, reserved 1114112K
  class space    used 3776K, committed 4032K, reserved 1048576K
GC Heap History (20 events):
Event: 2618.479 GC heap before
{Heap before GC invocations=17 (full 0):
 garbage-first heap   total 122880K, used 104982K [0x0000000684800000, 0x0000000800000000)
  region size 4096K, 15 young (61440K), 1 survivors (4096K)
 Metaspace       used 28508K, committed 28928K, reserved 1114112K
  class space    used 3817K, committed 4032K, reserved 1048576K
}
Event: 2618.488 GC heap after
{Heap after GC invocations=18 (full 0):
 garbage-first heap   total 122880K, used 46762K [0x0000000684800000, 0x0000000800000000)
  region size 4096K, 1 young (4096K), 1 survivors (4096K)
 Metaspace       used 28508K, committed 28928K, reserved 1114112K
  class space    used 3817K, committed 4032K, reserved 1048576K
}
Event: 3625.526 GC heap before
{Heap before GC invocations=18 (full 0):
 garbage-first heap   total 122880K, used 108202K [0x0000000684800000, 0x0000000800000000)
  region size 4096K, 16 young (65536K), 1 survivors (4096K)
 Metaspace       used 28508K, committed 28928K, reserved 1114112K
  class space    used 3817K, committed 4032K, reserved 1048576K
}
Event: 3625.532 GC heap after
{Heap after GC invocations=19 (full 0):
 garbage-first heap   total 122880K, used 46740K [0x0000000684800000, 0x0000000800000000)
  region size 4096K, 1 young (4096K), 1 survivors (4096K)
 Metaspace       used 28508K, committed 28928K, reserved 1114112K
  class space    used 3817K, committed 4032K, reserved 1048576K
}
Event: 4623.443 GC heap before
{Heap before GC invocations=19 (full 0):
 garbage-first heap   total 122880K, used 108180K [0x0000000684800000, 0x0000000800000000)
  region size 4096K, 16 young (65536K), 1 survivors (4096K)
 Metaspace       used 28508K, committed 28928K, reserved 1114112K
  class space    used 3817K, committed 4032K, reserved 1048576K
}
Event: 4623.450 GC heap after
{Heap after GC invocations=20 (full 0):
 garbage-first heap   total 122880K, used 46753K [0x0000000684800000, 0x0000000800000000)
  region size 4096K, 1 young (4096K), 1 survivors (4096K)
 Metaspace       used 28508K, committed 28928K, reserved 1114112K
  class space    used 3817K, committed 4032K, reserved 1048576K
}
Event: 5622.466 GC heap before
{Heap before GC invocations=21 (full 0):
 garbage-first heap   total 122880K, used 108193K [0x0000000684800000, 0x0000000800000000)
  region size 4096K, 16 young (65536K), 1 survivors (4096K)
 Metaspace       used 28508K, committed 28928K, reserved 1114112K
  class space    used 3817K, committed 4032K, reserved 1048576K
}
Event: 5622.472 GC heap after
{Heap after GC invocations=22 (full 0):
 garbage-first heap   total 122880K, used 46769K [0x0000000684800000, 0x0000000800000000)
  region size 4096K, 1 young (4096K), 1 survivors (4096K)
 Metaspace       used 28508K, committed 28928K, reserved 1114112K
  class space    used 3817K, committed 4032K, reserved 1048576K
}
Event: 6624.581 GC heap before
{Heap before GC invocations=22 (full 0):
 garbage-first heap   total 122880K, used 108209K [0x0000000684800000, 0x0000000800000000)
  region size 4096K, 16 young (65536K), 1 survivors (4096K)
 Metaspace       used 28508K, committed 28928K, reserved 1114112K
  class space    used 3817K, committed 4032K, reserved 1048576K
}
Event: 6624.588 GC heap after
{Heap after GC invocations=23 (full 0):
 garbage-first heap   total 122880K, used 46745K [0x0000000684800000, 0x0000000800000000)
  region size 4096K, 1 young (4096K), 1 survivors (4096K)
 Metaspace       used 28508K, committed 28928K, reserved 1114112K
  class space    used 3817K, committed 4032K, reserved 1048576K
}
Event: 7630.054 GC heap before
{Heap before GC invocations=24 (full 0):
 garbage-first heap   total 122880K, used 108185K [0x0000000684800000, 0x0000000800000000)
  region size 4096K, 16 young (65536K), 1 survivors (4096K)
 Metaspace       used 28350K, committed 28928K, reserved 1114112K
  class space    used 3773K, committed 4032K, reserved 1048576K
}
Event: 7630.055 GC heap after
{Heap after GC invocations=25 (full 0):
 garbage-first heap   total 122880K, used 46661K [0x0000000684800000, 0x0000000800000000)
  region size 4096K, 1 young (4096K), 1 survivors (4096K)
 Metaspace       used 28350K, committed 28928K, reserved 1114112K
  class space    used 3773K, committed 4032K, reserved 1048576K
}
Event: 8644.822 GC heap before
{Heap before GC invocations=25 (full 0):
 garbage-first heap   total 122880K, used 108101K [0x0000000684800000, 0x0000000800000000)
  region size 4096K, 16 young (65536K), 1 survivors (4096K)
 Metaspace       used 28350K, committed 28928K, reserved 1114112K
  class space    used 3773K, committed 4032K, reserved 1048576K
}
Event: 8644.834 GC heap after
{Heap after GC invocations=26 (full 0):
 garbage-first heap   total 122880K, used 46109K [0x0000000684800000, 0x0000000800000000)
  region size 4096K, 1 young (4096K), 1 survivors (4096K)
 Metaspace       used 28350K, committed 28928K, reserved 1114112K
  class space    used 3773K, committed 4032K, reserved 1048576K
}
Event: 9646.866 GC heap before
{Heap before GC invocations=26 (full 0):
 garbage-first heap   total 122880K, used 107549K [0x0000000684800000, 0x0000000800000000)
  region size 4096K, 16 young (65536K), 1 survivors (4096K)
 Metaspace       used 28350K, committed 28928K, reserved 1114112K
  class space    used 3773K, committed 4032K, reserved 1048576K
}
Event: 9646.869 GC heap after
{Heap after GC invocations=27 (full 0):
 garbage-first heap   total 122880K, used 46132K [0x0000000684800000, 0x0000000800000000)
  region size 4096K, 1 young (4096K), 1 survivors (4096K)
 Metaspace       used 28350K, committed 28928K, reserved 1114112K
  class space    used 3773K, committed 4032K, reserved 1048576K
}
Event: 10652.222 GC heap before
{Heap before GC invocations=28 (full 0):
 garbage-first heap   total 122880K, used 107572K [0x0000000684800000, 0x0000000800000000)
  region size 4096K, 16 young (65536K), 1 survivors (4096K)
 Metaspace       used 28352K, committed 28928K, reserved 1114112K
  class space    used 3773K, committed 4032K, reserved 1048576K
}
Event: 10652.226 GC heap after
{Heap after GC invocations=29 (full 0):
 garbage-first heap   total 122880K, used 46148K [0x0000000684800000, 0x0000000800000000)
  region size 4096K, 1 young (4096K), 1 survivors (4096K)
 Metaspace       used 28352K, committed 28928K, reserved 1114112K
  class space    used 3773K, committed 4032K, reserved 1048576K
}
Event: 11657.433 GC heap before
{Heap before GC invocations=29 (full 0):
 garbage-first heap   total 122880K, used 107588K [0x0000000684800000, 0x0000000800000000)
  region size 4096K, 16 young (65536K), 1 survivors (4096K)
 Metaspace       used 28352K, committed 28928K, reserved 1114112K
  class space    used 3773K, committed 4032K, reserved 1048576K
}
Event: 11657.436 GC heap after
{Heap after GC invocations=30 (full 0):
 garbage-first heap   total 122880K, used 46154K [0x0000000684800000, 0x0000000800000000)
  region size 4096K, 1 young (4096K), 1 survivors (4096K)
 Metaspace       used 28352K, committed 28928K, reserved 1114112K
  class space    used 3773K, committed 4032K, reserved 1048576K
}

