# JRE version: OpenJDK Runtime Environment Temurin-21.0.6+7 (21.0.6+7) (build 21.0.6+7-LTS)
# Java VM: OpenJDK 64-Bit Server VM Temurin-21.0.6+7 (21.0.6+7-LTS, mixed mode, sharing, tiered, compressed oops, compressed class ptrs, g1 gc, windows-amd64)
GC Precious Log:
 CardTable entry size: 512
 Card Set container configuration: InlinePtr #cards 4 size 8 Array Of Cards #cards 32 size 80 Howl #buckets 8 coarsen threshold 7372 Howl Bitmap #cards 1024 size 144 coarsen threshold 921 Card regions per heap region 1 cards per card region 8192
 CPUs: 12 total, 12 available
 Memory: 24283M
 Large Page Support: Disabled
 NUMA Support: Disabled
 Compressed Oops: Enabled (Zero based)
 Heap Region Size: 4M
 Heap Min Capacity: 8M
 Heap Initial Capacity: 380M
 Heap Max Capacity: 6072M
 Pre-touch: Disabled
 Parallel Workers: 10
 Concurrent Workers: 3
 Concurrent Refinement Workers: 10
 Periodic GC: Disabled
Heap:
 garbage-first heap   total 122880K, used 68220K [0x0000000684800000, 0x0000000800000000)
  region size 4096K, 7 young (28672K), 1 survivors (4096K)
 Metaspace       used 28292K, committed 28736K, reserved 1114112K
  class space    used 3816K, committed 4032K, reserved 1048576K
GC Heap History (20 events):
Event: 7560.774 GC heap before
{Heap before GC invocations=117 (full 0):
 garbage-first heap   total 122880K, used 105058K [0x0000000684800000, 0x0000000800000000)
  region size 4096K, 15 young (61440K), 1 survivors (4096K)
 Metaspace       used 28283K, committed 28736K, reserved 1114112K
  class space    used 3813K, committed 4032K, reserved 1048576K
}
Event: 7560.780 GC heap after
{Heap after GC invocations=118 (full 0):
 garbage-first heap   total 122880K, used 47768K [0x0000000684800000, 0x0000000800000000)
  region size 4096K, 1 young (4096K), 1 survivors (4096K)
 Metaspace       used 28283K, committed 28736K, reserved 1114112K
  class space    used 3813K, committed 4032K, reserved 1048576K
}
Event: 7635.453 GC heap before
{Heap before GC invocations=118 (full 0):
 garbage-first heap   total 122880K, used 105112K [0x0000000684800000, 0x0000000800000000)
  region size 4096K, 15 young (61440K), 1 survivors (4096K)
 Metaspace       used 28283K, committed 28736K, reserved 1114112K
  class space    used 3813K, committed 4032K, reserved 1048576K
}
Event: 7635.456 GC heap after
{Heap after GC invocations=119 (full 0):
 garbage-first heap   total 122880K, used 47715K [0x0000000684800000, 0x0000000800000000)
  region size 4096K, 1 young (4096K), 1 survivors (4096K)
 Metaspace       used 28283K, committed 28736K, reserved 1114112K
  class space    used 3813K, committed 4032K, reserved 1048576K
}
Event: 7710.321 GC heap before
{Heap before GC invocations=119 (full 0):
 garbage-first heap   total 122880K, used 105059K [0x0000000684800000, 0x0000000800000000)
  region size 4096K, 15 young (61440K), 1 survivors (4096K)
 Metaspace       used 28283K, committed 28736K, reserved 1114112K
  class space    used 3813K, committed 4032K, reserved 1048576K
}
Event: 7710.323 GC heap after
{Heap after GC invocations=120 (full 0):
 garbage-first heap   total 122880K, used 47713K [0x0000000684800000, 0x0000000800000000)
  region size 4096K, 1 young (4096K), 1 survivors (4096K)
 Metaspace       used 28283K, committed 28736K, reserved 1114112K
  class space    used 3813K, committed 4032K, reserved 1048576K
}
Event: 7785.022 GC heap before
{Heap before GC invocations=120 (full 0):
 garbage-first heap   total 122880K, used 105057K [0x0000000684800000, 0x0000000800000000)
  region size 4096K, 15 young (61440K), 1 survivors (4096K)
 Metaspace       used 28283K, committed 28736K, reserved 1114112K
  class space    used 3813K, committed 4032K, reserved 1048576K
}
Event: 7785.025 GC heap after
{Heap after GC invocations=121 (full 0):
 garbage-first heap   total 122880K, used 47793K [0x0000000684800000, 0x0000000800000000)
  region size 4096K, 1 young (4096K), 1 survivors (4096K)
 Metaspace       used 28283K, committed 28736K, reserved 1114112K
  class space    used 3813K, committed 4032K, reserved 1048576K
}
Event: 7860.187 GC heap before
{Heap before GC invocations=121 (full 0):
 garbage-first heap   total 122880K, used 105137K [0x0000000684800000, 0x0000000800000000)
  region size 4096K, 15 young (61440K), 1 survivors (4096K)
 Metaspace       used 28283K, committed 28736K, reserved 1114112K
  class space    used 3813K, committed 4032K, reserved 1048576K
}
Event: 7860.190 GC heap after
{Heap after GC invocations=122 (full 0):
 garbage-first heap   total 122880K, used 47716K [0x0000000684800000, 0x0000000800000000)
  region size 4096K, 1 young (4096K), 1 survivors (4096K)
 Metaspace       used 28283K, committed 28736K, reserved 1114112K
  class space    used 3813K, committed 4032K, reserved 1048576K
}
Event: 7935.239 GC heap before
{Heap before GC invocations=122 (full 0):
 garbage-first heap   total 122880K, used 105060K [0x0000000684800000, 0x0000000800000000)
  region size 4096K, 15 young (61440K), 1 survivors (4096K)
 Metaspace       used 28283K, committed 28736K, reserved 1114112K
  class space    used 3813K, committed 4032K, reserved 1048576K
}
Event: 7935.242 GC heap after
{Heap after GC invocations=123 (full 0):
 garbage-first heap   total 122880K, used 47718K [0x0000000684800000, 0x0000000800000000)
  region size 4096K, 1 young (4096K), 1 survivors (4096K)
 Metaspace       used 28283K, committed 28736K, reserved 1114112K
  class space    used 3813K, committed 4032K, reserved 1048576K
}
Event: 8009.869 GC heap before
{Heap before GC invocations=123 (full 0):
 garbage-first heap   total 122880K, used 105062K [0x0000000684800000, 0x0000000800000000)
  region size 4096K, 15 young (61440K), 1 survivors (4096K)
 Metaspace       used 28283K, committed 28736K, reserved 1114112K
  class space    used 3813K, committed 4032K, reserved 1048576K
}
Event: 8009.874 GC heap after
{Heap after GC invocations=124 (full 0):
 garbage-first heap   total 122880K, used 47664K [0x0000000684800000, 0x0000000800000000)
  region size 4096K, 1 young (4096K), 1 survivors (4096K)
 Metaspace       used 28283K, committed 28736K, reserved 1114112K
  class space    used 3813K, committed 4032K, reserved 1048576K
}
Event: 8084.624 GC heap before
{Heap before GC invocations=124 (full 0):
 garbage-first heap   total 122880K, used 105008K [0x0000000684800000, 0x0000000800000000)
  region size 4096K, 15 young (61440K), 1 survivors (4096K)
 Metaspace       used 28283K, committed 28736K, reserved 1114112K
  class space    used 3813K, committed 4032K, reserved 1048576K
}
Event: 8084.627 GC heap after
{Heap after GC invocations=125 (full 0):
 garbage-first heap   total 122880K, used 47714K [0x0000000684800000, 0x0000000800000000)
  region size 4096K, 1 young (4096K), 1 survivors (4096K)
 Metaspace       used 28283K, committed 28736K, reserved 1114112K
  class space    used 3813K, committed 4032K, reserved 1048576K
}
Event: 8159.284 GC heap before
{Heap before GC invocations=125 (full 0):
 garbage-first heap   total 122880K, used 105058K [0x0000000684800000, 0x0000000800000000)
  region size 4096K, 15 young (61440K), 1 survivors (4096K)
 Metaspace       used 28283K, committed 28736K, reserved 1114112K
  class space    used 3813K, committed 4032K, reserved 1048576K
}
Event: 8159.291 GC heap after
{Heap after GC invocations=126 (full 0):
 garbage-first heap   total 122880K, used 47713K [0x0000000684800000, 0x0000000800000000)
  region size 4096K, 1 young (4096K), 1 survivors (4096K)
 Metaspace       used 28283K, committed 28736K, reserved 1114112K
  class space    used 3813K, committed 4032K, reserved 1048576K
}
Event: 8233.919 GC heap before
{Heap before GC invocations=126 (full 0):
 garbage-first heap   total 122880K, used 105057K [0x0000000684800000, 0x0000000800000000)
  region size 4096K, 15 young (61440K), 1 survivors (4096K)
 Metaspace       used 28283K, committed 28736K, reserved 1114112K
  class space    used 3813K, committed 4032K, reserved 1048576K
}
Event: 8233.923 GC heap after
{Heap after GC invocations=127 (full 0):
 garbage-first heap   total 122880K, used 47740K [0x0000000684800000, 0x0000000800000000)
  region size 4096K, 1 young (4096K), 1 survivors (4096K)
 Metaspace       used 28283K, committed 28736K, reserved 1114112K
  class space    used 3813K, committed 4032K, reserved 1048576K
}

