# JRE version: OpenJDK Runtime Environment Temurin-21.0.6+7 (21.0.6+7) (build 21.0.6+7-LTS)
# Java VM: OpenJDK 64-Bit Server VM Temurin-21.0.6+7 (21.0.6+7-LTS, mixed mode, sharing, tiered, compressed oops, compressed class ptrs, g1 gc, windows-amd64)
GC Precious Log:
 CardTable entry size: 512
 Card Set container configuration: InlinePtr #cards 4 size 8 Array Of Cards #cards 32 size 80 Howl #buckets 8 coarsen threshold 7372 Howl Bitmap #cards 1024 size 144 coarsen threshold 921 Card regions per heap region 1 cards per card region 8192
 CPUs: 12 total, 12 available
 Memory: 24283M
 Large Page Support: Disabled
 NUMA Support: Disabled
 Compressed Oops: Enabled (Zero based)
 Heap Region Size: 4M
 Heap Min Capacity: 8M
 Heap Initial Capacity: 380M
 Heap Max Capacity: 6072M
 Pre-touch: Disabled
 Parallel Workers: 10
 Concurrent Workers: 3
 Concurrent Refinement Workers: 10
 Periodic GC: Disabled
Heap:
 garbage-first heap   total 86016K, used 65515K [0x0000000684800000, 0x0000000800000000)
  region size 4096K, 8 young (32768K), 1 survivors (4096K)
 Metaspace       used 29342K, committed 29696K, reserved 1114112K
  class space    used 3925K, committed 4096K, reserved 1048576K
GC Heap History (12 events):
Event: 0.424 GC heap before
{Heap before GC invocations=0 (full 0):
 garbage-first heap   total 389120K, used 16384K [0x0000000684800000, 0x0000000800000000)
  region size 4096K, 5 young (20480K), 0 survivors (0K)
 Metaspace       used 3670K, committed 3840K, reserved 1114112K
  class space    used 363K, committed 448K, reserved 1048576K
}
Event: 0.427 GC heap after
{Heap after GC invocations=1 (full 0):
 garbage-first heap   total 389120K, used 2459K [0x0000000684800000, 0x0000000800000000)
  region size 4096K, 1 young (4096K), 1 survivors (4096K)
 Metaspace       used 3670K, committed 3840K, reserved 1114112K
  class space    used 363K, committed 448K, reserved 1048576K
}
Event: 0.929 GC heap before
{Heap before GC invocations=1 (full 0):
 garbage-first heap   total 389120K, used 43419K [0x0000000684800000, 0x0000000800000000)
  region size 4096K, 12 young (49152K), 1 survivors (4096K)
 Metaspace       used 11787K, committed 12160K, reserved 1114112K
  class space    used 1632K, committed 1792K, reserved 1048576K
}
Event: 0.934 GC heap after
{Heap after GC invocations=2 (full 0):
 garbage-first heap   total 389120K, used 7689K [0x0000000684800000, 0x0000000800000000)
  region size 4096K, 2 young (8192K), 2 survivors (8192K)
 Metaspace       used 11787K, committed 12160K, reserved 1114112K
  class space    used 1632K, committed 1792K, reserved 1048576K
}
Event: 8.433 GC heap before
{Heap before GC invocations=2 (full 0):
 garbage-first heap   total 389120K, used 40457K [0x0000000684800000, 0x0000000800000000)
  region size 4096K, 11 young (45056K), 2 survivors (8192K)
 Metaspace       used 21191K, committed 21504K, reserved 1114112K
  class space    used 2912K, committed 3072K, reserved 1048576K
}
Event: 8.439 GC heap after
{Heap after GC invocations=3 (full 0):
 garbage-first heap   total 389120K, used 13154K [0x0000000684800000, 0x0000000800000000)
  region size 4096K, 4 young (16384K), 4 survivors (16384K)
 Metaspace       used 21191K, committed 21504K, reserved 1114112K
  class space    used 2912K, committed 3072K, reserved 1048576K
}
Event: 14.921 GC heap before
{Heap before GC invocations=4 (full 0):
 garbage-first heap   total 57344K, used 50018K [0x0000000684800000, 0x0000000800000000)
  region size 4096K, 13 young (53248K), 4 survivors (16384K)
 Metaspace       used 27400K, committed 27840K, reserved 1114112K
  class space    used 3767K, committed 3968K, reserved 1048576K
}
Event: 14.928 GC heap after
{Heap after GC invocations=5 (full 0):
 garbage-first heap   total 77824K, used 18270K [0x0000000684800000, 0x0000000800000000)
  region size 4096K, 5 young (20480K), 5 survivors (20480K)
 Metaspace       used 27400K, committed 27840K, reserved 1114112K
  class space    used 3767K, committed 3968K, reserved 1048576K
}
Event: 49.636 GC heap before
{Heap before GC invocations=5 (full 0):
 garbage-first heap   total 77824K, used 59230K [0x0000000684800000, 0x0000000800000000)
  region size 4096K, 11 young (45056K), 5 survivors (20480K)
 Metaspace       used 28630K, committed 29056K, reserved 1114112K
  class space    used 3896K, committed 4096K, reserved 1048576K
}
Event: 49.648 GC heap after
{Heap after GC invocations=6 (full 0):
 garbage-first heap   total 86016K, used 40148K [0x0000000684800000, 0x0000000800000000)
  region size 4096K, 1 young (4096K), 1 survivors (4096K)
 Metaspace       used 28630K, committed 29056K, reserved 1114112K
  class space    used 3896K, committed 4096K, reserved 1048576K
}
Event: 79.884 GC heap before
{Heap before GC invocations=6 (full 0):
 garbage-first heap   total 86016K, used 68820K [0x0000000684800000, 0x0000000800000000)
  region size 4096K, 8 young (32768K), 1 survivors (4096K)
 Metaspace       used 28985K, committed 29376K, reserved 1114112K
  class space    used 3903K, committed 4096K, reserved 1048576K
}
Event: 79.886 GC heap after
{Heap after GC invocations=7 (full 0):
 garbage-first heap   total 86016K, used 40939K [0x0000000684800000, 0x0000000800000000)
  region size 4096K, 1 young (4096K), 1 survivors (4096K)
 Metaspace       used 28985K, committed 29376K, reserved 1114112K
  class space    used 3903K, committed 4096K, reserved 1048576K
}

