# JRE version: OpenJDK Runtime Environment Temurin-21.0.6+7 (21.0.6+7) (build 21.0.6+7-LTS)
# Java VM: OpenJDK 64-Bit Server VM Temurin-21.0.6+7 (21.0.6+7-LTS, mixed mode, sharing, tiered, compressed oops, compressed class ptrs, g1 gc, windows-amd64)
GC Precious Log:
 CardTable entry size: 512
 Card Set container configuration: InlinePtr #cards 4 size 8 Array Of Cards #cards 32 size 80 Howl #buckets 8 coarsen threshold 7372 Howl Bitmap #cards 1024 size 144 coarsen threshold 921 Card regions per heap region 1 cards per card region 8192
 CPUs: 12 total, 12 available
 Memory: 24283M
 Large Page Support: Disabled
 NUMA Support: Disabled
 Compressed Oops: Enabled (Zero based)
 Heap Region Size: 4M
 Heap Min Capacity: 8M
 Heap Initial Capacity: 380M
 Heap Max Capacity: 6072M
 Pre-touch: Disabled
 Parallel Workers: 10
 Concurrent Workers: 3
 Concurrent Refinement Workers: 10
 Periodic GC: Disabled
Heap:
 garbage-first heap   total 180224K, used 64941K [0x0000000684800000, 0x0000000800000000)
  region size 4096K, 6 young (24576K), 1 survivors (4096K)
 Metaspace       used 28972K, committed 29504K, reserved 1114112K
  class space    used 3792K, committed 4032K, reserved 1048576K
GC Heap History (20 events):
Event: 9175.981 GC heap before
{Heap before GC invocations=99 (full 0):
 garbage-first heap   total 233472K, used 184254K [0x0000000684800000, 0x0000000800000000)
  region size 4096K, 34 young (139264K), 1 survivors (4096K)
 Metaspace       used 28950K, committed 29504K, reserved 1114112K
  class space    used 3787K, committed 4032K, reserved 1048576K
}
Event: 9175.990 GC heap after
{Heap after GC invocations=100 (full 0):
 garbage-first heap   total 233472K, used 48999K [0x0000000684800000, 0x0000000800000000)
  region size 4096K, 1 young (4096K), 1 survivors (4096K)
 Metaspace       used 28950K, committed 29504K, reserved 1114112K
  class space    used 3787K, committed 4032K, reserved 1048576K
}
Event: 9338.399 GC heap before
{Heap before GC invocations=101 (full 0):
 garbage-first heap   total 180224K, used 175975K [0x0000000684800000, 0x0000000800000000)
  region size 4096K, 32 young (131072K), 1 survivors (4096K)
 Metaspace       used 28950K, committed 29504K, reserved 1114112K
  class space    used 3787K, committed 4032K, reserved 1048576K
}
Event: 9338.412 GC heap after
{Heap after GC invocations=102 (full 0):
 garbage-first heap   total 184320K, used 48840K [0x0000000684800000, 0x0000000800000000)
  region size 4096K, 1 young (4096K), 1 survivors (4096K)
 Metaspace       used 28950K, committed 29504K, reserved 1114112K
  class space    used 3787K, committed 4032K, reserved 1048576K
}
Event: 9474.848 GC heap before
{Heap before GC invocations=102 (full 0):
 garbage-first heap   total 184320K, used 155336K [0x0000000684800000, 0x0000000800000000)
  region size 4096K, 27 young (110592K), 1 survivors (4096K)
 Metaspace       used 28950K, committed 29504K, reserved 1114112K
  class space    used 3787K, committed 4032K, reserved 1048576K
}
Event: 9474.857 GC heap after
{Heap after GC invocations=103 (full 0):
 garbage-first heap   total 184320K, used 48660K [0x0000000684800000, 0x0000000800000000)
  region size 4096K, 1 young (4096K), 1 survivors (4096K)
 Metaspace       used 28950K, committed 29504K, reserved 1114112K
  class space    used 3787K, committed 4032K, reserved 1048576K
}
Event: 9610.996 GC heap before
{Heap before GC invocations=103 (full 0):
 garbage-first heap   total 184320K, used 155156K [0x0000000684800000, 0x0000000800000000)
  region size 4096K, 27 young (110592K), 1 survivors (4096K)
 Metaspace       used 28950K, committed 29504K, reserved 1114112K
  class space    used 3787K, committed 4032K, reserved 1048576K
}
Event: 9611.005 GC heap after
{Heap after GC invocations=104 (full 0):
 garbage-first heap   total 184320K, used 48606K [0x0000000684800000, 0x0000000800000000)
  region size 4096K, 1 young (4096K), 1 survivors (4096K)
 Metaspace       used 28950K, committed 29504K, reserved 1114112K
  class space    used 3787K, committed 4032K, reserved 1048576K
}
Event: 9747.632 GC heap before
{Heap before GC invocations=105 (full 0):
 garbage-first heap   total 180224K, used 155102K [0x0000000684800000, 0x0000000800000000)
  region size 4096K, 27 young (110592K), 1 survivors (4096K)
 Metaspace       used 28950K, committed 29504K, reserved 1114112K
  class space    used 3787K, committed 4032K, reserved 1048576K
}
Event: 9747.636 GC heap after
{Heap after GC invocations=106 (full 0):
 garbage-first heap   total 180224K, used 48639K [0x0000000684800000, 0x0000000800000000)
  region size 4096K, 1 young (4096K), 1 survivors (4096K)
 Metaspace       used 28950K, committed 29504K, reserved 1114112K
  class space    used 3787K, committed 4032K, reserved 1048576K
}
Event: 9879.429 GC heap before
{Heap before GC invocations=106 (full 0):
 garbage-first heap   total 180224K, used 151039K [0x0000000684800000, 0x0000000800000000)
  region size 4096K, 26 young (106496K), 1 survivors (4096K)
 Metaspace       used 28950K, committed 29504K, reserved 1114112K
  class space    used 3787K, committed 4032K, reserved 1048576K
}
Event: 9879.436 GC heap after
{Heap after GC invocations=107 (full 0):
 garbage-first heap   total 180224K, used 48577K [0x0000000684800000, 0x0000000800000000)
  region size 4096K, 1 young (4096K), 1 survivors (4096K)
 Metaspace       used 28950K, committed 29504K, reserved 1114112K
  class space    used 3787K, committed 4032K, reserved 1048576K
}
Event: 10011.964 GC heap before
{Heap before GC invocations=107 (full 0):
 garbage-first heap   total 180224K, used 150977K [0x0000000684800000, 0x0000000800000000)
  region size 4096K, 26 young (106496K), 1 survivors (4096K)
 Metaspace       used 28950K, committed 29504K, reserved 1114112K
  class space    used 3787K, committed 4032K, reserved 1048576K
}
Event: 10011.972 GC heap after
{Heap after GC invocations=108 (full 0):
 garbage-first heap   total 180224K, used 48622K [0x0000000684800000, 0x0000000800000000)
  region size 4096K, 1 young (4096K), 1 survivors (4096K)
 Metaspace       used 28950K, committed 29504K, reserved 1114112K
  class space    used 3787K, committed 4032K, reserved 1048576K
}
Event: 10144.982 GC heap before
{Heap before GC invocations=109 (full 0):
 garbage-first heap   total 180224K, used 151022K [0x0000000684800000, 0x0000000800000000)
  region size 4096K, 26 young (106496K), 1 survivors (4096K)
 Metaspace       used 28950K, committed 29504K, reserved 1114112K
  class space    used 3787K, committed 4032K, reserved 1048576K
}
Event: 10144.989 GC heap after
{Heap after GC invocations=110 (full 0):
 garbage-first heap   total 180224K, used 48627K [0x0000000684800000, 0x0000000800000000)
  region size 4096K, 1 young (4096K), 1 survivors (4096K)
 Metaspace       used 28950K, committed 29504K, reserved 1114112K
  class space    used 3787K, committed 4032K, reserved 1048576K
}
Event: 10277.298 GC heap before
{Heap before GC invocations=110 (full 0):
 garbage-first heap   total 180224K, used 151027K [0x0000000684800000, 0x0000000800000000)
  region size 4096K, 26 young (106496K), 1 survivors (4096K)
 Metaspace       used 28950K, committed 29504K, reserved 1114112K
  class space    used 3787K, committed 4032K, reserved 1048576K
}
Event: 10277.305 GC heap after
{Heap after GC invocations=111 (full 0):
 garbage-first heap   total 180224K, used 48651K [0x0000000684800000, 0x0000000800000000)
  region size 4096K, 1 young (4096K), 1 survivors (4096K)
 Metaspace       used 28950K, committed 29504K, reserved 1114112K
  class space    used 3787K, committed 4032K, reserved 1048576K
}
Event: 10409.988 GC heap before
{Heap before GC invocations=111 (full 0):
 garbage-first heap   total 180224K, used 151051K [0x0000000684800000, 0x0000000800000000)
  region size 4096K, 26 young (106496K), 1 survivors (4096K)
 Metaspace       used 28950K, committed 29504K, reserved 1114112K
  class space    used 3787K, committed 4032K, reserved 1048576K
}
Event: 10409.999 GC heap after
{Heap after GC invocations=112 (full 0):
 garbage-first heap   total 180224K, used 48557K [0x0000000684800000, 0x0000000800000000)
  region size 4096K, 1 young (4096K), 1 survivors (4096K)
 Metaspace       used 28950K, committed 29504K, reserved 1114112K
  class space    used 3787K, committed 4032K, reserved 1048576K
}

